build/app/intermediates/manifest_merge_blame_file/debug/manifest-merger-blame-debug-report.txt
1<?xml version="1.0" encoding="utf-8"?>
2<manifest xmlns:android="http://schemas.android.com/apk/res/android"
3    package="sign.in.example.loyd.app.example.flutter.com.signinexample"
4    android:versionCode="1"
5    android:versionName="1.0.0" >
6
7    <uses-sdk
8        android:minSdkVersion="21"
9        android:targetSdkVersion="28" />
10    <!--
11         Flutter needs it to communicate with the running application
12         to allow setting breakpoints, to provide hot reload, etc.
13    -->
14    <uses-permission android:name="android.permission.INTERNET" />
14-->src\main\AndroidManifest.xml:9:5-66
14-->src\main\AndroidManifest.xml:9:22-64
15    <uses-permission android:name="android.permission.ACCESS_NETWORK_STATE" />
15-->src\main\AndroidManifest.xml:10:1-75
15-->src\main\AndroidManifest.xml:10:18-72
16    <uses-permission android:name="android.permission.WAKE_LOCK" />
16-->[com.google.android.gms:play-services-measurement:17.2.2] AndroidManifest.xml:25:5-68
16-->[com.google.android.gms:play-services-measurement:17.2.2] AndroidManifest.xml:25:22-65
17    <uses-permission android:name="com.google.android.finsky.permission.BIND_GET_INSTALL_REFERRER_SERVICE" /> <!-- Required by older versions of Google Play services to create IID tokens -->
17-->[com.google.android.gms:play-services-measurement:17.2.2] AndroidManifest.xml:26:5-110
17-->[com.google.android.gms:play-services-measurement:17.2.2] AndroidManifest.xml:26:22-107
18    <uses-permission android:name="com.google.android.c2dm.permission.RECEIVE" />
18-->[com.google.firebase:firebase-iid:20.0.2] AndroidManifest.xml:26:5-82
18-->[com.google.firebase:firebase-iid:20.0.2] AndroidManifest.xml:26:22-79
19
20    <application
20-->src\main\AndroidManifest.xml:12:5-56:19
21        android:name="io.flutter.app.FlutterApplication"
21-->src\main\AndroidManifest.xml:13:9-57
22        android:appComponentFactory="androidx.core.app.CoreComponentFactory"
22-->[androidx.core:core:1.1.0] AndroidManifest.xml:24:18-86
23        android:debuggable="true"
24        android:icon="@mipmap/ic_launcher"
24-->src\main\AndroidManifest.xml:15:9-43
25        android:label="SignInExample"
25-->src\main\AndroidManifest.xml:14:9-38
26        android:supportsRtl="true" >
26-->[com.facebook.android:facebook-login:5.5.1] AndroidManifest.xml:28:18-44
27        <activity
27-->src\main\AndroidManifest.xml:16:9-27:20
28            android:name="sign.in.example.loyd.app.example.flutter.com.signinexample.MainActivity"
28-->src\main\AndroidManifest.xml:17:13-41
29            android:configChanges="orientation|keyboardHidden|keyboard|screenSize|smallestScreenSize|locale|layoutDirection|fontScale|screenLayout|density|uiMode"
29-->src\main\AndroidManifest.xml:20:13-163
30            android:hardwareAccelerated="true"
30-->src\main\AndroidManifest.xml:21:13-47
31            android:launchMode="singleTop"
31-->src\main\AndroidManifest.xml:18:13-43
32            android:theme="@style/LaunchTheme"
32-->src\main\AndroidManifest.xml:19:13-47
33            android:windowSoftInputMode="adjustResize" >
33-->src\main\AndroidManifest.xml:22:13-55
34            <intent-filter>
34-->src\main\AndroidManifest.xml:23:13-26:29
35                <action android:name="android.intent.action.MAIN" />
35-->src\main\AndroidManifest.xml:24:17-68
35-->src\main\AndroidManifest.xml:24:25-66
36
37                <category android:name="android.intent.category.LAUNCHER" />
37-->src\main\AndroidManifest.xml:25:17-76
37-->src\main\AndroidManifest.xml:25:27-74
38            </intent-filter>
39        </activity>
40        <!--
41             Don't delete the meta-data below.
42             This is used by the Flutter tool to generate GeneratedPluginRegistrant.java
43        -->
44
45        <meta-data
45-->src\main\AndroidManifest.xml:31:9-32:54
46            android:name="com.facebook.sdk.ApplicationId"
46-->src\main\AndroidManifest.xml:31:20-65
47            android:value="@string/facebook_app_id" />
47-->src\main\AndroidManifest.xml:32:13-52
48
49        <activity
49-->src\main\AndroidManifest.xml:34:9-37:48
50            android:name="com.facebook.FacebookActivity"
50-->src\main\AndroidManifest.xml:34:19-63
51            android:configChanges="keyboard|keyboardHidden|screenLayout|screenSize|orientation"
51-->src\main\AndroidManifest.xml:35:13-113
52            android:label="@string/app_name"
52-->src\main\AndroidManifest.xml:37:13-45
53            android:theme="@style/com_facebook_activity_theme" />
53-->[com.facebook.android:facebook-common:5.5.1] AndroidManifest.xml:32:13-63
54        <activity
54-->src\main\AndroidManifest.xml:38:9-47:20
55            android:name="com.facebook.CustomTabActivity"
55-->src\main\AndroidManifest.xml:39:13-58
56            android:exported="true" >
56-->src\main\AndroidManifest.xml:40:13-36
57            <intent-filter>
57-->src\main\AndroidManifest.xml:41:13-46:29
58                <action android:name="android.intent.action.VIEW" />
58-->src\main\AndroidManifest.xml:42:17-69
58-->src\main\AndroidManifest.xml:42:25-66
59
60                <category android:name="android.intent.category.DEFAULT" />
60-->src\main\AndroidManifest.xml:43:17-76
60-->src\main\AndroidManifest.xml:43:27-73
61                <category android:name="android.intent.category.BROWSABLE" />
61-->src\main\AndroidManifest.xml:44:17-78
61-->src\main\AndroidManifest.xml:44:27-75
62
63                <data android:scheme="@string/fb_login_protocol_scheme" />
63-->src\main\AndroidManifest.xml:45:17-75
63-->src\main\AndroidManifest.xml:45:23-72
64            </intent-filter>
65        </activity>
66        <activity
66-->src\main\AndroidManifest.xml:48:9-51:71
67            android:name="com.yalantis.ucrop.UCropActivity"
67-->src\main\AndroidManifest.xml:49:13-60
68            android:screenOrientation="portrait"
68-->src\main\AndroidManifest.xml:50:13-49
69            android:theme="@style/Theme.AppCompat.Light.NoActionBar" />
69-->src\main\AndroidManifest.xml:51:13-69
70
71        <meta-data
71-->src\main\AndroidManifest.xml:53:9-55:33
72            android:name="flutterEmbedding"
72-->src\main\AndroidManifest.xml:54:13-44
73            android:value="2" />
73-->src\main\AndroidManifest.xml:55:13-30
74
75        <service
75-->[:firebase_storage] AndroidManifest.xml:8:9-12:19
76            android:name="com.google.firebase.components.ComponentDiscoveryService"
76-->[:firebase_storage] AndroidManifest.xml:8:18-89
77            android:directBootAware="true"
77-->[com.google.firebase:firebase-common:19.3.0] AndroidManifest.xml:34:13-43
78            android:exported="false" >
78-->[com.google.firebase:firebase-auth:19.2.0] AndroidManifest.xml:35:13-37
79            <meta-data
79-->[:firebase_storage] AndroidManifest.xml:9:13-11:85
80                android:name="com.google.firebase.components:io.flutter.plugins.firebase.storage.FlutterFirebaseAppRegistrar"
80-->[:firebase_storage] AndroidManifest.xml:10:17-126
81                android:value="com.google.firebase.components.ComponentRegistrar" />
81-->[:firebase_storage] AndroidManifest.xml:11:17-82
82            <meta-data
82-->[:firebase_auth] AndroidManifest.xml:9:13-11:85
83                android:name="com.google.firebase.components:io.flutter.plugins.firebaseauth.FlutterFirebaseAppRegistrar"
83-->[:firebase_auth] AndroidManifest.xml:10:17-122
84                android:value="com.google.firebase.components.ComponentRegistrar" />
84-->[:firebase_auth] AndroidManifest.xml:11:17-82
85            <meta-data
85-->[:cloud_firestore] AndroidManifest.xml:9:13-11:85
86                android:name="com.google.firebase.components:io.flutter.plugins.firebase.cloudfirestore.FlutterFirebaseAppRegistrar"
86-->[:cloud_firestore] AndroidManifest.xml:10:17-133
87                android:value="com.google.firebase.components.ComponentRegistrar" />
87-->[:cloud_firestore] AndroidManifest.xml:11:17-82
88            <meta-data
88-->[:firebase_core] AndroidManifest.xml:9:13-11:85
89                android:name="com.google.firebase.components:io.flutter.plugins.firebase.core.FlutterFirebaseAppRegistrar"
89-->[:firebase_core] AndroidManifest.xml:10:17-123
90                android:value="com.google.firebase.components.ComponentRegistrar" />
90-->[:firebase_core] AndroidManifest.xml:11:17-82
91            <meta-data
91-->[com.google.firebase:firebase-auth:19.2.0] AndroidManifest.xml:36:13-38:85
92                android:name="com.google.firebase.components:com.google.firebase.auth.FirebaseAuthRegistrar"
92-->[com.google.firebase:firebase-auth:19.2.0] AndroidManifest.xml:37:17-109
93                android:value="com.google.firebase.components.ComponentRegistrar" />
93-->[com.google.firebase:firebase-auth:19.2.0] AndroidManifest.xml:38:17-82
94            <meta-data
94-->[com.google.android.gms:play-services-measurement-api:17.2.2] AndroidManifest.xml:30:13-32:85
95                android:name="com.google.firebase.components:com.google.firebase.analytics.connector.internal.AnalyticsConnectorRegistrar"
95-->[com.google.android.gms:play-services-measurement-api:17.2.2] AndroidManifest.xml:31:17-139
96                android:value="com.google.firebase.components.ComponentRegistrar" />
96-->[com.google.android.gms:play-services-measurement-api:17.2.2] AndroidManifest.xml:32:17-82
97            <meta-data
97-->[com.google.firebase:firebase-storage:17.0.0] AndroidManifest.xml:31:13-33:85
98                android:name="com.google.firebase.components:com.google.firebase.storage.StorageRegistrar"
98-->[com.google.firebase:firebase-storage:17.0.0] AndroidManifest.xml:32:17-107
99                android:value="com.google.firebase.components.ComponentRegistrar" />
99-->[com.google.firebase:firebase-storage:17.0.0] AndroidManifest.xml:33:17-82
100            <meta-data
100-->[com.google.firebase:firebase-firestore:21.3.0] AndroidManifest.xml:20:13-22:85
101                android:name="com.google.firebase.components:com.google.firebase.firestore.FirestoreRegistrar"
101-->[com.google.firebase:firebase-firestore:21.3.0] AndroidManifest.xml:21:17-111
102                android:value="com.google.firebase.components.ComponentRegistrar" />
102-->[com.google.firebase:firebase-firestore:21.3.0] AndroidManifest.xml:22:17-82
103            <meta-data
103-->[com.google.firebase:firebase-iid:20.0.2] AndroidManifest.xml:32:13-34:85
104                android:name="com.google.firebase.components:com.google.firebase.iid.Registrar"
104-->[com.google.firebase:firebase-iid:20.0.2] AndroidManifest.xml:33:17-96
105                android:value="com.google.firebase.components.ComponentRegistrar" />
105-->[com.google.firebase:firebase-iid:20.0.2] AndroidManifest.xml:34:17-82
106        </service>
107
108        <activity
108-->[com.google.firebase:firebase-auth:19.2.0] AndroidManifest.xml:24:9-31:50
109            android:name="com.google.firebase.auth.internal.FederatedSignInActivity"
109-->[com.google.firebase:firebase-auth:19.2.0] AndroidManifest.xml:25:13-85
110            android:excludeFromRecents="true"
110-->[com.google.firebase:firebase-auth:19.2.0] AndroidManifest.xml:26:13-46
111            android:exported="true"
111-->[com.google.firebase:firebase-auth:19.2.0] AndroidManifest.xml:27:13-36
112            android:launchMode="singleTask"
112-->[com.google.firebase:firebase-auth:19.2.0] AndroidManifest.xml:28:13-44
113            android:permission="com.google.firebase.auth.api.gms.permission.LAUNCH_FEDERATED_SIGN_IN"
113-->[com.google.firebase:firebase-auth:19.2.0] AndroidManifest.xml:29:13-102
114            android:theme="@android:style/Theme.Translucent.NoTitleBar" />
114-->[com.google.firebase:firebase-auth:19.2.0] AndroidManifest.xml:30:13-72
115
116        <receiver
116-->[com.google.android.gms:play-services-measurement:17.2.2] AndroidManifest.xml:29:9-33:20
117            android:name="com.google.android.gms.measurement.AppMeasurementReceiver"
117-->[com.google.android.gms:play-services-measurement:17.2.2] AndroidManifest.xml:30:13-85
118            android:enabled="true"
118-->[com.google.android.gms:play-services-measurement:17.2.2] AndroidManifest.xml:31:13-35
119            android:exported="false" >
119-->[com.google.android.gms:play-services-measurement:17.2.2] AndroidManifest.xml:32:13-37
120        </receiver>
121        <receiver
121-->[com.google.android.gms:play-services-measurement:17.2.2] AndroidManifest.xml:34:9-42:20
122            android:name="com.google.android.gms.measurement.AppMeasurementInstallReferrerReceiver"
122-->[com.google.android.gms:play-services-measurement:17.2.2] AndroidManifest.xml:35:13-100
123            android:enabled="true"
123-->[com.google.android.gms:play-services-measurement:17.2.2] AndroidManifest.xml:36:13-35
124            android:exported="true"
124-->[com.google.android.gms:play-services-measurement:17.2.2] AndroidManifest.xml:37:13-36
125            android:permission="android.permission.INSTALL_PACKAGES" >
125-->[com.google.android.gms:play-services-measurement:17.2.2] AndroidManifest.xml:38:13-69
126            <intent-filter>
126-->[com.google.android.gms:play-services-measurement:17.2.2] AndroidManifest.xml:39:13-41:29
127                <action android:name="com.android.vending.INSTALL_REFERRER" />
127-->[com.google.android.gms:play-services-measurement:17.2.2] AndroidManifest.xml:40:17-79
127-->[com.google.android.gms:play-services-measurement:17.2.2] AndroidManifest.xml:40:25-76
128            </intent-filter>
129        </receiver>
130
131        <service
131-->[com.google.android.gms:play-services-measurement:17.2.2] AndroidManifest.xml:44:9-47:40
132            android:name="com.google.android.gms.measurement.AppMeasurementService"
132-->[com.google.android.gms:play-services-measurement:17.2.2] AndroidManifest.xml:45:13-84
133            android:enabled="true"
133-->[com.google.android.gms:play-services-measurement:17.2.2] AndroidManifest.xml:46:13-35
134            android:exported="false" />
134-->[com.google.android.gms:play-services-measurement:17.2.2] AndroidManifest.xml:47:13-37
135        <service
135-->[com.google.android.gms:play-services-measurement:17.2.2] AndroidManifest.xml:48:9-52:72
136            android:name="com.google.android.gms.measurement.AppMeasurementJobService"
136-->[com.google.android.gms:play-services-measurement:17.2.2] AndroidManifest.xml:49:13-87
137            android:enabled="true"
137-->[com.google.android.gms:play-services-measurement:17.2.2] AndroidManifest.xml:50:13-35
138            android:exported="false"
138-->[com.google.android.gms:play-services-measurement:17.2.2] AndroidManifest.xml:51:13-37
139            android:permission="android.permission.BIND_JOB_SERVICE" />
139-->[com.google.android.gms:play-services-measurement:17.2.2] AndroidManifest.xml:52:13-69
140
141        <activity
141-->[com.google.android.gms:play-services-auth:16.0.1] AndroidManifest.xml:23:9-27:75
142            android:name="com.google.android.gms.auth.api.signin.internal.SignInHubActivity"
142-->[com.google.android.gms:play-services-auth:16.0.1] AndroidManifest.xml:24:13-93
143            android:excludeFromRecents="true"
143-->[com.google.android.gms:play-services-auth:16.0.1] AndroidManifest.xml:25:13-46
144            android:exported="false"
144-->[com.google.android.gms:play-services-auth:16.0.1] AndroidManifest.xml:26:13-37
145            android:theme="@android:style/Theme.Translucent.NoTitleBar" />
145-->[com.google.android.gms:play-services-auth:16.0.1] AndroidManifest.xml:27:13-72
146        <!--
147            Service handling Google Sign-In user revocation. For apps that do not integrate with
148            Google Sign-In, this service will never be started.
149        -->
150        <service
150-->[com.google.android.gms:play-services-auth:16.0.1] AndroidManifest.xml:33:9-36:110
151            android:name="com.google.android.gms.auth.api.signin.RevocationBoundService"
151-->[com.google.android.gms:play-services-auth:16.0.1] AndroidManifest.xml:34:13-89
152            android:exported="true"
152-->[com.google.android.gms:play-services-auth:16.0.1] AndroidManifest.xml:35:13-36
153            android:permission="com.google.android.gms.auth.api.signin.permission.REVOCATION_NOTIFICATION" />
153-->[com.google.android.gms:play-services-auth:16.0.1] AndroidManifest.xml:36:13-107
154
155        <receiver
155-->[com.google.firebase:firebase-iid:20.0.2] AndroidManifest.xml:37:9-44:20
156            android:name="com.google.firebase.iid.FirebaseInstanceIdReceiver"
156-->[com.google.firebase:firebase-iid:20.0.2] AndroidManifest.xml:38:13-78
157            android:exported="true"
157-->[com.google.firebase:firebase-iid:20.0.2] AndroidManifest.xml:39:13-36
158            android:permission="com.google.android.c2dm.permission.SEND" >
158-->[com.google.firebase:firebase-iid:20.0.2] AndroidManifest.xml:40:13-73
159            <intent-filter>
159-->[com.google.firebase:firebase-iid:20.0.2] AndroidManifest.xml:41:13-43:29
160                <action android:name="com.google.android.c2dm.intent.RECEIVE" />
160-->[com.google.firebase:firebase-iid:20.0.2] AndroidManifest.xml:42:17-81
160-->[com.google.firebase:firebase-iid:20.0.2] AndroidManifest.xml:42:25-78
161            </intent-filter>
162        </receiver>
163
164        <provider
164-->[com.google.firebase:firebase-common:19.3.0] AndroidManifest.xml:26:9-30:39
165            android:name="com.google.firebase.provider.FirebaseInitProvider"
165-->[com.google.firebase:firebase-common:19.3.0] AndroidManifest.xml:27:13-77
166            android:authorities="sign.in.example.loyd.app.example.flutter.com.signinexample.firebaseinitprovider"
166-->[com.google.firebase:firebase-common:19.3.0] AndroidManifest.xml:28:13-72
167            android:exported="false"
167-->[com.google.firebase:firebase-common:19.3.0] AndroidManifest.xml:29:13-37
168            android:initOrder="100" />
168-->[com.google.firebase:firebase-common:19.3.0] AndroidManifest.xml:30:13-36
169
170        <activity
170-->[com.google.android.gms:play-services-base:17.1.0] AndroidManifest.xml:23:9-26:75
171            android:name="com.google.android.gms.common.api.GoogleApiActivity"
171-->[com.google.android.gms:play-services-base:17.1.0] AndroidManifest.xml:24:13-79
172            android:exported="false"
172-->[com.google.android.gms:play-services-base:17.1.0] AndroidManifest.xml:25:13-37
173            android:theme="@android:style/Theme.Translucent.NoTitleBar" />
173-->[com.google.android.gms:play-services-base:17.1.0] AndroidManifest.xml:26:13-72
174
175        <meta-data
175-->[com.google.android.gms:play-services-basement:17.0.0] AndroidManifest.xml:23:9-25:69
176            android:name="com.google.android.gms.version"
176-->[com.google.android.gms:play-services-basement:17.0.0] AndroidManifest.xml:24:13-58
177            android:value="@integer/google_play_services_version" />
177-->[com.google.android.gms:play-services-basement:17.0.0] AndroidManifest.xml:25:13-66
178
179        <activity android:name="com.facebook.CustomTabMainActivity" />
179-->[com.facebook.android:facebook-common:5.5.1] AndroidManifest.xml:33:9-71
179-->[com.facebook.android:facebook-common:5.5.1] AndroidManifest.xml:33:19-68
180        <!--
181         The initialization ContentProvider will call FacebookSdk.sdkInitialize automatically
182         with the application context. This config is merged in with the host app's manifest,
183         but there can only be one provider with the same authority activated at any given
184         point; so if the end user has two or more different apps that use Facebook SDK, only the
185         first one will be able to use the provider. To work around this problem, we use the
186         following placeholder in the authority to identify each host application as if it was
187         a completely different provider.
188        -->
189        <provider
189-->[com.facebook.android:facebook-core:5.5.1] AndroidManifest.xml:39:9-42:40
190            android:name="com.facebook.internal.FacebookInitProvider"
190-->[com.facebook.android:facebook-core:5.5.1] AndroidManifest.xml:40:13-70
191            android:authorities="sign.in.example.loyd.app.example.flutter.com.signinexample.FacebookInitProvider"
191-->[com.facebook.android:facebook-core:5.5.1] AndroidManifest.xml:41:13-72
192            android:exported="false" />
192-->[com.facebook.android:facebook-core:5.5.1] AndroidManifest.xml:42:13-37
193
194        <receiver
194-->[com.facebook.android:facebook-core:5.5.1] AndroidManifest.xml:44:9-50:20
195            android:name="com.facebook.CurrentAccessTokenExpirationBroadcastReceiver"
195-->[com.facebook.android:facebook-core:5.5.1] AndroidManifest.xml:45:13-86
196            android:exported="false" >
196-->[com.facebook.android:facebook-core:5.5.1] AndroidManifest.xml:46:13-37
197            <intent-filter>
197-->[com.facebook.android:facebook-core:5.5.1] AndroidManifest.xml:47:13-49:29
198                <action android:name="com.facebook.sdk.ACTION_CURRENT_ACCESS_TOKEN_CHANGED" />
198-->[com.facebook.android:facebook-core:5.5.1] AndroidManifest.xml:48:17-95
198-->[com.facebook.android:facebook-core:5.5.1] AndroidManifest.xml:48:25-92
199            </intent-filter>
200        </receiver>
201        <receiver
201-->[com.facebook.android:facebook-core:5.5.1] AndroidManifest.xml:51:9-58:20
202            android:name="com.facebook.CampaignTrackingReceiver"
202-->[com.facebook.android:facebook-core:5.5.1] AndroidManifest.xml:52:13-65
203            android:exported="true"
203-->[com.facebook.android:facebook-core:5.5.1] AndroidManifest.xml:53:13-36
204            android:permission="android.permission.INSTALL_PACKAGES" >
204-->[com.facebook.android:facebook-core:5.5.1] AndroidManifest.xml:54:13-69
205            <intent-filter>
205-->[com.google.android.gms:play-services-measurement:17.2.2] AndroidManifest.xml:39:13-41:29
206                <action android:name="com.android.vending.INSTALL_REFERRER" />
206-->[com.google.android.gms:play-services-measurement:17.2.2] AndroidManifest.xml:40:17-79
206-->[com.google.android.gms:play-services-measurement:17.2.2] AndroidManifest.xml:40:25-76
207            </intent-filter>
208        </receiver>
209    </application>
210
211</manifest>